2016-10-19 at 08:59:01 CST INFO  com.test.first_maven.base.ScreenShotListener 53 onStart - Test Start
2016-10-19 at 08:59:03 CST INFO  com.test.first_maven.base.NewWebDriverEventListener 25 beforeNavigateTo - WebDriver navigating to:‘http://www.baidu.com‘
2016-10-19 at 08:59:04 CST INFO  com.test.first_maven.base.NewWebDriverEventListener 66 beforeFindBy - beforeFindBy:‘By.xpath: //*[text()='更多产品']‘
2016-10-19 at 08:59:04 CST INFO  com.test.first_maven.base.ActionUtils 42 get - open http://www.baidu.com success!
2016-10-19 at 08:59:06 CST INFO  com.test.first_maven.base.NewWebDriverEventListener 25 beforeNavigateTo - WebDriver navigating to:‘http://www.baidu.com‘
2016-10-19 at 08:59:07 CST INFO  com.test.first_maven.base.NewWebDriverEventListener 66 beforeFindBy - beforeFindBy:‘By.xpath: //*[text()='更多产品']‘
2016-10-19 at 08:59:07 CST INFO  com.test.first_maven.base.ActionUtils 42 get - open http://www.baidu.com success!
2016-10-19 at 08:59:07 CST INFO  com.test.first_maven.base.ScreenShotListener 47 onTestStart - Test Finsh
2016-10-19 at 08:59:07 CST INFO  com.test.first_maven.base.NewWebDriverEventListener 66 beforeFindBy - beforeFindBy:‘By.id: kw‘
2016-10-19 at 08:59:07 CST INFO  com.test.first_maven.base.NewWebDriverEventListener 90 afterChangeValueOf - WebDriver changing value in element found By.id: kw from ‘‘ to ‘‘
2016-10-19 at 08:59:07 CST INFO  com.test.first_maven.base.NewWebDriverEventListener 90 afterChangeValueOf - WebDriver changing value in element found By.id: kw from ‘‘ to ‘selenium‘
2016-10-19 at 08:59:07 CST INFO  com.test.first_maven.base.NewWebDriverEventListener 66 beforeFindBy - beforeFindBy:‘By.id: su‘
2016-10-19 at 08:59:07 CST INFO  com.test.first_maven.base.NewWebDriverEventListener 75 beforeClickOn - beforeClickOn:‘By.id: su‘
2016-10-19 at 08:59:07 CST INFO  com.test.first_maven.base.NewWebDriverEventListener 66 beforeFindBy - beforeFindBy:‘By.id: kw‘
2016-10-19 at 08:59:07 CST ERROR com.test.first_maven.base.ScreenShotListener 41 onTestSkipped - Test Skipped
2016-10-19 at 08:59:07 CST INFO  com.test.first_maven.base.ScreenShotListener 47 onTestStart - Test Finsh
2016-10-19 at 08:59:07 CST INFO  com.test.first_maven.base.NewWebDriverEventListener 90 afterChangeValueOf - WebDriver changing value in element found By.id: kw from ‘selenium‘ to ‘‘
2016-10-19 at 08:59:07 CST INFO  com.test.first_maven.base.NewWebDriverEventListener 90 afterChangeValueOf - WebDriver changing value in element found By.id: kw from ‘‘ to ‘selenium‘
2016-10-19 at 08:59:07 CST INFO  com.test.first_maven.base.NewWebDriverEventListener 75 beforeClickOn - beforeClickOn:‘By.id: kw‘
2016-10-19 at 08:59:07 CST INFO  com.test.first_maven.base.NewWebDriverEventListener 66 beforeFindBy - beforeFindBy:‘By.id: kw‘
2016-10-19 at 08:59:07 CST INFO  com.test.first_maven.base.ScreenShotListener 20 onTestSuccess - Test Success
2016-10-19 at 08:59:07 CST INFO  com.test.first_maven.base.ScreenShotListener 47 onTestStart - Test Finsh
2016-10-19 at 08:59:07 CST INFO  com.test.first_maven.base.NewWebDriverEventListener 66 beforeFindBy - beforeFindBy:‘By.id: kw‘
2016-10-19 at 08:59:07 CST INFO  com.test.first_maven.base.NewWebDriverEventListener 90 afterChangeValueOf - WebDriver changing value in element found By.id: kw from ‘‘ to ‘‘
2016-10-19 at 08:59:08 CST INFO  com.test.first_maven.base.NewWebDriverEventListener 90 afterChangeValueOf - WebDriver changing value in element found By.id: kw from ‘‘ to ‘selenium‘
2016-10-19 at 08:59:08 CST INFO  com.test.first_maven.base.NewWebDriverEventListener 66 beforeFindBy - beforeFindBy:‘By.id: su‘
2016-10-19 at 08:59:08 CST INFO  com.test.first_maven.base.NewWebDriverEventListener 75 beforeClickOn - beforeClickOn:‘By.id: su‘
2016-10-19 at 08:59:08 CST INFO  com.test.first_maven.base.NewWebDriverEventListener 66 beforeFindBy - beforeFindBy:‘By.id: kw‘
2016-10-19 at 08:59:08 CST ERROR com.test.first_maven.base.ScreenShotListener 41 onTestSkipped - Test Skipped
2016-10-19 at 08:59:08 CST INFO  com.test.first_maven.base.ScreenShotListener 47 onTestStart - Test Finsh
2016-10-19 at 08:59:08 CST INFO  com.test.first_maven.base.NewWebDriverEventListener 90 afterChangeValueOf - WebDriver changing value in element found By.id: kw from ‘selenium‘ to ‘‘
2016-10-19 at 08:59:08 CST INFO  com.test.first_maven.base.NewWebDriverEventListener 90 afterChangeValueOf - WebDriver changing value in element found By.id: kw from ‘‘ to ‘selenium‘
2016-10-19 at 08:59:08 CST INFO  com.test.first_maven.base.NewWebDriverEventListener 75 beforeClickOn - beforeClickOn:‘By.id: kw‘
2016-10-19 at 08:59:09 CST INFO  com.test.first_maven.base.NewWebDriverEventListener 66 beforeFindBy - beforeFindBy:‘By.id: kw‘
2016-10-19 at 08:59:09 CST ERROR com.test.first_maven.base.ScreenShotListener 41 onTestSkipped - Test Skipped
2016-10-19 at 08:59:09 CST INFO  com.test.first_maven.base.ScreenShotListener 47 onTestStart - Test Finsh
2016-10-19 at 08:59:09 CST INFO  com.test.first_maven.base.NewWebDriverEventListener 90 afterChangeValueOf - WebDriver changing value in element found By.id: kw from ‘selenium‘ to ‘‘
2016-10-19 at 08:59:09 CST INFO  com.test.first_maven.base.NewWebDriverEventListener 90 afterChangeValueOf - WebDriver changing value in element found By.id: kw from ‘‘ to ‘selenium‘
2016-10-19 at 08:59:09 CST INFO  com.test.first_maven.base.NewWebDriverEventListener 75 beforeClickOn - beforeClickOn:‘By.id: kw‘
2016-10-19 at 08:59:09 CST INFO  com.test.first_maven.base.NewWebDriverEventListener 66 beforeFindBy - beforeFindBy:‘By.id: kw‘
2016-10-19 at 08:59:09 CST ERROR com.test.first_maven.base.ScreenShotListener 41 onTestSkipped - Test Skipped
2016-10-19 at 08:59:09 CST INFO  com.test.first_maven.base.ScreenShotListener 47 onTestStart - Test Finsh
2016-10-19 at 08:59:09 CST INFO  com.test.first_maven.base.NewWebDriverEventListener 90 afterChangeValueOf - WebDriver changing value in element found By.id: kw from ‘selenium‘ to ‘‘
2016-10-19 at 08:59:09 CST INFO  com.test.first_maven.base.NewWebDriverEventListener 90 afterChangeValueOf - WebDriver changing value in element found By.id: kw from ‘‘ to ‘selenium‘
2016-10-19 at 08:59:09 CST INFO  com.test.first_maven.base.NewWebDriverEventListener 75 beforeClickOn - beforeClickOn:‘By.id: kw‘
2016-10-19 at 08:59:09 CST INFO  com.test.first_maven.base.NewWebDriverEventListener 66 beforeFindBy - beforeFindBy:‘By.id: kw‘
2016-10-19 at 08:59:09 CST ERROR com.test.first_maven.base.ScreenShotListener 41 onTestSkipped - Test Skipped
2016-10-19 at 08:59:09 CST INFO  com.test.first_maven.base.ScreenShotListener 47 onTestStart - Test Finsh
2016-10-19 at 08:59:09 CST INFO  com.test.first_maven.base.NewWebDriverEventListener 90 afterChangeValueOf - WebDriver changing value in element found By.id: kw from ‘selenium‘ to ‘‘
2016-10-19 at 08:59:09 CST INFO  com.test.first_maven.base.NewWebDriverEventListener 90 afterChangeValueOf - WebDriver changing value in element found By.id: kw from ‘‘ to ‘selenium‘
2016-10-19 at 08:59:09 CST INFO  com.test.first_maven.base.NewWebDriverEventListener 75 beforeClickOn - beforeClickOn:‘By.id: kw‘
2016-10-19 at 08:59:09 CST INFO  com.test.first_maven.base.NewWebDriverEventListener 66 beforeFindBy - beforeFindBy:‘By.id: kw‘
2016-10-19 at 08:59:09 CST INFO  com.test.first_maven.base.ScreenShotListener 20 onTestSuccess - Test Success
2016-10-19 at 08:59:09 CST INFO  com.test.first_maven.base.ScreenShotListener 47 onTestStart - Test Finsh
2016-10-19 at 08:59:09 CST INFO  com.test.first_maven.base.NewWebDriverEventListener 90 afterChangeValueOf - WebDriver changing value in element found By.id: kw from ‘selenium‘ to ‘‘
2016-10-19 at 08:59:09 CST INFO  com.test.first_maven.base.NewWebDriverEventListener 90 afterChangeValueOf - WebDriver changing value in element found By.id: kw from ‘‘ to ‘eeeeeeeee‘
2016-10-19 at 08:59:09 CST INFO  com.test.first_maven.base.NewWebDriverEventListener 75 beforeClickOn - beforeClickOn:‘By.id: kw‘
2016-10-19 at 08:59:09 CST INFO  com.test.first_maven.base.NewWebDriverEventListener 66 beforeFindBy - beforeFindBy:‘By.id: kw‘
2016-10-19 at 08:59:09 CST ERROR com.test.first_maven.base.ScreenShotListener 41 onTestSkipped - Test Skipped
2016-10-19 at 08:59:09 CST INFO  com.test.first_maven.base.ScreenShotListener 47 onTestStart - Test Finsh
2016-10-19 at 08:59:09 CST INFO  com.test.first_maven.base.NewWebDriverEventListener 90 afterChangeValueOf - WebDriver changing value in element found By.id: kw from ‘eeeeeeeee‘ to ‘‘
2016-10-19 at 08:59:09 CST INFO  com.test.first_maven.base.NewWebDriverEventListener 90 afterChangeValueOf - WebDriver changing value in element found By.id: kw from ‘‘ to ‘eeeeeeeee‘
2016-10-19 at 08:59:09 CST INFO  com.test.first_maven.base.NewWebDriverEventListener 75 beforeClickOn - beforeClickOn:‘By.id: kw‘
2016-10-19 at 08:59:09 CST INFO  com.test.first_maven.base.NewWebDriverEventListener 66 beforeFindBy - beforeFindBy:‘By.id: kw‘
2016-10-19 at 08:59:09 CST ERROR com.test.first_maven.base.ScreenShotListener 41 onTestSkipped - Test Skipped
2016-10-19 at 08:59:09 CST INFO  com.test.first_maven.base.ScreenShotListener 47 onTestStart - Test Finsh
2016-10-19 at 08:59:09 CST INFO  com.test.first_maven.base.NewWebDriverEventListener 90 afterChangeValueOf - WebDriver changing value in element found By.id: kw from ‘eeeeeeeee‘ to ‘‘
2016-10-19 at 08:59:10 CST INFO  com.test.first_maven.base.NewWebDriverEventListener 90 afterChangeValueOf - WebDriver changing value in element found By.id: kw from ‘‘ to ‘eeeeeeeee‘
2016-10-19 at 08:59:10 CST INFO  com.test.first_maven.base.NewWebDriverEventListener 75 beforeClickOn - beforeClickOn:‘By.id: kw‘
2016-10-19 at 08:59:10 CST INFO  com.test.first_maven.base.NewWebDriverEventListener 66 beforeFindBy - beforeFindBy:‘By.id: kw‘
2016-10-19 at 08:59:10 CST ERROR com.test.first_maven.base.ScreenShotListener 41 onTestSkipped - Test Skipped
2016-10-19 at 08:59:10 CST INFO  com.test.first_maven.base.ScreenShotListener 47 onTestStart - Test Finsh
2016-10-19 at 08:59:10 CST INFO  com.test.first_maven.base.NewWebDriverEventListener 90 afterChangeValueOf - WebDriver changing value in element found By.id: kw from ‘eeeeeeeee‘ to ‘‘
2016-10-19 at 08:59:10 CST INFO  com.test.first_maven.base.NewWebDriverEventListener 90 afterChangeValueOf - WebDriver changing value in element found By.id: kw from ‘‘ to ‘eeeeeeeee‘
2016-10-19 at 08:59:10 CST INFO  com.test.first_maven.base.NewWebDriverEventListener 75 beforeClickOn - beforeClickOn:‘By.id: kw‘
2016-10-19 at 08:59:10 CST INFO  com.test.first_maven.base.NewWebDriverEventListener 66 beforeFindBy - beforeFindBy:‘By.id: kw‘
2016-10-19 at 08:59:10 CST ERROR com.test.first_maven.base.ScreenShotListener 41 onTestSkipped - Test Skipped
2016-10-19 at 08:59:10 CST INFO  com.test.first_maven.base.ScreenShotListener 47 onTestStart - Test Finsh
2016-10-19 at 08:59:10 CST INFO  com.test.first_maven.base.NewWebDriverEventListener 90 afterChangeValueOf - WebDriver changing value in element found By.id: kw from ‘eeeeeeeee‘ to ‘‘
2016-10-19 at 08:59:10 CST INFO  com.test.first_maven.base.NewWebDriverEventListener 90 afterChangeValueOf - WebDriver changing value in element found By.id: kw from ‘‘ to ‘eeeeeeeee‘
2016-10-19 at 08:59:10 CST INFO  com.test.first_maven.base.NewWebDriverEventListener 75 beforeClickOn - beforeClickOn:‘By.id: kw‘
2016-10-19 at 08:59:10 CST INFO  com.test.first_maven.base.NewWebDriverEventListener 66 beforeFindBy - beforeFindBy:‘By.id: kw‘
2016-10-19 at 08:59:10 CST ERROR com.test.first_maven.base.ScreenShotListener 41 onTestSkipped - Test Skipped
2016-10-19 at 08:59:10 CST INFO  com.test.first_maven.base.ScreenShotListener 47 onTestStart - Test Finsh
2016-10-19 at 08:59:10 CST INFO  com.test.first_maven.base.NewWebDriverEventListener 90 afterChangeValueOf - WebDriver changing value in element found By.id: kw from ‘eeeeeeeee‘ to ‘‘
2016-10-19 at 08:59:10 CST INFO  com.test.first_maven.base.NewWebDriverEventListener 90 afterChangeValueOf - WebDriver changing value in element found By.id: kw from ‘‘ to ‘eeeeeeeee‘
2016-10-19 at 08:59:10 CST INFO  com.test.first_maven.base.NewWebDriverEventListener 75 beforeClickOn - beforeClickOn:‘By.id: kw‘
2016-10-19 at 08:59:10 CST INFO  com.test.first_maven.base.NewWebDriverEventListener 66 beforeFindBy - beforeFindBy:‘By.id: kw‘
2016-10-19 at 08:59:10 CST ERROR com.test.first_maven.base.ScreenShotListener 41 onTestSkipped - Test Skipped
2016-10-19 at 08:59:10 CST INFO  com.test.first_maven.base.ScreenShotListener 47 onTestStart - Test Finsh
2016-10-19 at 08:59:10 CST INFO  com.test.first_maven.base.NewWebDriverEventListener 90 afterChangeValueOf - WebDriver changing value in element found By.id: kw from ‘eeeeeeeee‘ to ‘‘
2016-10-19 at 08:59:10 CST INFO  com.test.first_maven.base.NewWebDriverEventListener 90 afterChangeValueOf - WebDriver changing value in element found By.id: kw from ‘‘ to ‘eeeeeeeee‘
2016-10-19 at 08:59:10 CST INFO  com.test.first_maven.base.NewWebDriverEventListener 75 beforeClickOn - beforeClickOn:‘By.id: kw‘
2016-10-19 at 08:59:10 CST INFO  com.test.first_maven.base.NewWebDriverEventListener 66 beforeFindBy - beforeFindBy:‘By.id: kw‘
2016-10-19 at 08:59:10 CST ERROR com.test.first_maven.base.ScreenShotListener 41 onTestSkipped - Test Skipped
2016-10-19 at 08:59:10 CST INFO  com.test.first_maven.base.ScreenShotListener 47 onTestStart - Test Finsh
2016-10-19 at 08:59:10 CST INFO  com.test.first_maven.base.NewWebDriverEventListener 90 afterChangeValueOf - WebDriver changing value in element found By.id: kw from ‘eeeeeeeee‘ to ‘‘
2016-10-19 at 08:59:10 CST INFO  com.test.first_maven.base.NewWebDriverEventListener 90 afterChangeValueOf - WebDriver changing value in element found By.id: kw from ‘‘ to ‘eeeeeeeee‘
2016-10-19 at 08:59:10 CST INFO  com.test.first_maven.base.NewWebDriverEventListener 75 beforeClickOn - beforeClickOn:‘By.id: kw‘
2016-10-19 at 08:59:10 CST INFO  com.test.first_maven.base.NewWebDriverEventListener 66 beforeFindBy - beforeFindBy:‘By.id: kw‘
2016-10-19 at 08:59:10 CST ERROR com.test.first_maven.base.ScreenShotListener 41 onTestSkipped - Test Skipped
2016-10-19 at 08:59:10 CST INFO  com.test.first_maven.base.ScreenShotListener 47 onTestStart - Test Finsh
2016-10-19 at 08:59:10 CST INFO  com.test.first_maven.base.NewWebDriverEventListener 90 afterChangeValueOf - WebDriver changing value in element found By.id: kw from ‘eeeeeeeee‘ to ‘‘
2016-10-19 at 08:59:10 CST INFO  com.test.first_maven.base.NewWebDriverEventListener 90 afterChangeValueOf - WebDriver changing value in element found By.id: kw from ‘‘ to ‘eeeeeeeee‘
2016-10-19 at 08:59:10 CST INFO  com.test.first_maven.base.NewWebDriverEventListener 75 beforeClickOn - beforeClickOn:‘By.id: kw‘
2016-10-19 at 08:59:11 CST INFO  com.test.first_maven.base.NewWebDriverEventListener 66 beforeFindBy - beforeFindBy:‘By.id: kw‘
2016-10-19 at 08:59:11 CST ERROR com.test.first_maven.base.ScreenShotListener 41 onTestSkipped - Test Skipped
2016-10-19 at 08:59:11 CST INFO  com.test.first_maven.base.ScreenShotListener 47 onTestStart - Test Finsh
2016-10-19 at 08:59:11 CST INFO  com.test.first_maven.base.NewWebDriverEventListener 90 afterChangeValueOf - WebDriver changing value in element found By.id: kw from ‘eeeeeeeee‘ to ‘‘
2016-10-19 at 08:59:11 CST INFO  com.test.first_maven.base.NewWebDriverEventListener 90 afterChangeValueOf - WebDriver changing value in element found By.id: kw from ‘‘ to ‘eeeeeeeee‘
2016-10-19 at 08:59:11 CST INFO  com.test.first_maven.base.NewWebDriverEventListener 75 beforeClickOn - beforeClickOn:‘By.id: kw‘
2016-10-19 at 08:59:11 CST INFO  com.test.first_maven.base.NewWebDriverEventListener 66 beforeFindBy - beforeFindBy:‘By.id: kw‘
2016-10-19 at 08:59:11 CST ERROR com.test.first_maven.base.ScreenShotListener 41 onTestSkipped - Test Skipped
2016-10-19 at 08:59:11 CST INFO  com.test.first_maven.base.ScreenShotListener 47 onTestStart - Test Finsh
2016-10-19 at 08:59:11 CST INFO  com.test.first_maven.base.NewWebDriverEventListener 90 afterChangeValueOf - WebDriver changing value in element found By.id: kw from ‘eeeeeeeee‘ to ‘‘
2016-10-19 at 08:59:11 CST INFO  com.test.first_maven.base.NewWebDriverEventListener 90 afterChangeValueOf - WebDriver changing value in element found By.id: kw from ‘‘ to ‘eeeeeeeee‘
2016-10-19 at 08:59:11 CST INFO  com.test.first_maven.base.NewWebDriverEventListener 75 beforeClickOn - beforeClickOn:‘By.id: kw‘
2016-10-19 at 08:59:11 CST INFO  com.test.first_maven.base.NewWebDriverEventListener 66 beforeFindBy - beforeFindBy:‘By.id: kw‘
2016-10-19 at 08:59:11 CST ERROR com.test.first_maven.base.ScreenShotListener 26 onTestFailure - Test Failure
2016-10-19 at 08:59:11 CST INFO  com.test.first_maven.base.ScreenShotListener 34 takeScreenShot - The title of current page is :eeeeeeeee_百度搜索
2016-10-19 at 08:59:11 CST INFO  com.test.first_maven.base.UITest 80 takeScreenShot - save snapshot path is:D:\workSpace\first_maven\picBaiduTest2_2016_10_19_08_59_11.png
2016-10-19 at 08:59:11 CST INFO  com.test.first_maven.base.UITest 86 takeScreenShot - screen shot finished
2016-10-19 at 08:59:13 CST INFO  com.test.first_maven.base.ScreenShotListener 59 onFinish - Test Finish
